# JRE version: Java(TM) SE Runtime Environment (8.0_25-b18) (build 1.8.0_25-b18)
# Java VM: Java HotSpot(TM) 64-Bit Server VM (25.25-b02 mixed mode windows-amd64 compressed oops)
Heap:
 PSYoungGen      total 40960K, used 19294K [0x00000007bc400000, 0x00000007c0000000, 0x00000007c0000000)
  eden space 39936K, 46% used [0x00000007bc400000,0x00000007bd6398e0,0x00000007beb00000)
  from space 1024K, 61% used [0x00000007beb00000,0x00000007beb9e0f0,0x00000007bec00000)
  to   space 11264K, 0% used [0x00000007bf500000,0x00000007bf500000,0x00000007c0000000)
 ParOldGen       total 107520K, used 47099K [0x0000000700000000, 0x0000000706900000, 0x00000007bc400000)
  object space 107520K, 43% used [0x0000000700000000,0x0000000702dfef60,0x0000000706900000)
 Metaspace       used 55050K, capacity 55393K, committed 55936K, reserved 1097728K
  class space    used 7873K, capacity 7959K, committed 8064K, reserved 1048576K
GC Heap History (10 events):
Event: 1796.943 GC heap before
{Heap before GC invocations=57 (full 5):
 PSYoungGen      total 48128K, used 47752K [0x00000007bc400000, 0x00000007c0000000, 0x00000007c0000000)
  eden space 40448K, 100% used [0x00000007bc400000,0x00000007beb80000,0x00000007beb80000)
  from space 7680K, 95% used [0x00000007bec00000,0x00000007bf3220d0,0x00000007bf380000)
  to   space 10752K, 0% used [0x00000007bf580000,0x00000007bf580000,0x00000007c0000000)
 ParOldGen       total 107520K, used 44114K [0x0000000700000000, 0x0000000706900000, 0x00000007bc400000)
  object space 107520K, 41% used [0x0000000700000000,0x0000000702b14a60,0x0000000706900000)
 Metaspace       used 55022K, capacity 55329K, committed 55936K, reserved 1097728K
  class space    used 7873K, capacity 7959K, committed 8064K, reserved 1048576K
Event: 1796.978 GC heap after
Heap after GC invocations=57 (full 5):
 PSYoungGen      total 50688K, used 6664K [0x00000007bc400000, 0x00000007c0000000, 0x00000007c0000000)
  eden space 39936K, 0% used [0x00000007bc400000,0x00000007bc400000,0x00000007beb00000)
  from space 10752K, 61% used [0x00000007bf580000,0x00000007bfc020d0,0x00000007c0000000)
  to   space 10752K, 0% used [0x00000007beb00000,0x00000007beb00000,0x00000007bf580000)
 ParOldGen       total 107520K, used 44114K [0x0000000700000000, 0x0000000706900000, 0x00000007bc400000)
  object space 107520K, 41% used [0x0000000700000000,0x0000000702b14a60,0x0000000706900000)
 Metaspace       used 55022K, capacity 55329K, committed 55936K, reserved 1097728K
  class space    used 7873K, capacity 7959K, committed 8064K, reserved 1048576K
}
Event: 2142.837 GC heap before
{Heap before GC invocations=58 (full 5):
 PSYoungGen      total 50688K, used 33780K [0x00000007bc400000, 0x00000007c0000000, 0x00000007c0000000)
  eden space 39936K, 67% used [0x00000007bc400000,0x00000007bde7b070,0x00000007beb00000)
  from space 10752K, 61% used [0x00000007bf580000,0x00000007bfc020d0,0x00000007c0000000)
  to   space 10752K, 0% used [0x00000007beb00000,0x00000007beb00000,0x00000007bf580000)
 ParOldGen       total 107520K, used 44114K [0x0000000700000000, 0x0000000706900000, 0x00000007bc400000)
  object space 107520K, 41% used [0x0000000700000000,0x0000000702b14a60,0x0000000706900000)
 Metaspace       used 55024K, capacity 55393K, committed 55936K, reserved 1097728K
  class space    used 7873K, capacity 7959K, committed 8064K, reserved 1048576K
Event: 2142.873 GC heap after
Heap after GC invocations=58 (full 5):
 PSYoungGen      total 50688K, used 6696K [0x00000007bc400000, 0x00000007c0000000, 0x00000007c0000000)
  eden space 39936K, 0% used [0x00000007bc400000,0x00000007bc400000,0x00000007beb00000)
  from space 10752K, 62% used [0x00000007beb00000,0x00000007bf18a0d0,0x00000007bf580000)
  to   space 10752K, 0% used [0x00000007bf580000,0x00000007bf580000,0x00000007c0000000)
 ParOldGen       total 107520K, used 44114K [0x0000000700000000, 0x0000000706900000, 0x00000007bc400000)
  object space 107520K, 41% used [0x0000000700000000,0x0000000702b14a60,0x0000000706900000)
 Metaspace       used 55024K, capacity 55393K, committed 55936K, reserved 1097728K
  class space    used 7873K, capacity 7959K, committed 8064K, reserved 1048576K
}
Event: 2142.873 GC heap before
{Heap before GC invocations=59 (full 6):
 PSYoungGen      total 50688K, used 6696K [0x00000007bc400000, 0x00000007c0000000, 0x00000007c0000000)
  eden space 39936K, 0% used [0x00000007bc400000,0x00000007bc400000,0x00000007beb00000)
  from space 10752K, 62% used [0x00000007beb00000,0x00000007bf18a0d0,0x00000007bf580000)
  to   space 10752K, 0% used [0x00000007bf580000,0x00000007bf580000,0x00000007c0000000)
 ParOldGen       total 107520K, used 44114K [0x0000000700000000, 0x0000000706900000, 0x00000007bc400000)
  object space 107520K, 41% used [0x0000000700000000,0x0000000702b14a60,0x0000000706900000)
 Metaspace       used 55024K, capacity 55393K, committed 55936K, reserved 1097728K
  class space    used 7873K, capacity 7959K, committed 8064K, reserved 1048576K
Event: 2143.169 GC heap after
Heap after GC invocations=59 (full 6):
 PSYoungGen      total 50688K, used 0K [0x00000007bc400000, 0x00000007c0000000, 0x00000007c0000000)
  eden space 39936K, 0% used [0x00000007bc400000,0x00000007bc400000,0x00000007beb00000)
  from space 10752K, 0% used [0x00000007beb00000,0x00000007beb00000,0x00000007bf580000)
  to   space 10752K, 0% used [0x00000007bf580000,0x00000007bf580000,0x00000007c0000000)
 ParOldGen       total 107520K, used 47099K [0x0000000700000000, 0x0000000706900000, 0x00000007bc400000)
  object space 107520K, 43% used [0x0000000700000000,0x0000000702dfef60,0x0000000706900000)
 Metaspace       used 55024K, capacity 55393K, committed 55936K, reserved 1097728K
  class space    used 7873K, capacity 7959K, committed 8064K, reserved 1048576K
}
Event: 2201.962 GC heap before
{Heap before GC invocations=60 (full 6):
 PSYoungGen      total 50688K, used 39936K [0x00000007bc400000, 0x00000007c0000000, 0x00000007c0000000)
  eden space 39936K, 100% used [0x00000007bc400000,0x00000007beb00000,0x00000007beb00000)
  from space 10752K, 0% used [0x00000007beb00000,0x00000007beb00000,0x00000007bf580000)
  to   space 10752K, 0% used [0x00000007bf580000,0x00000007bf580000,0x00000007c0000000)
 ParOldGen       total 107520K, used 47099K [0x0000000700000000, 0x0000000706900000, 0x00000007bc400000)
  object space 107520K, 43% used [0x0000000700000000,0x0000000702dfef60,0x0000000706900000)
 Metaspace       used 55043K, capacity 55393K, committed 55936K, reserved 1097728K
  class space    used 7873K, capacity 7959K, committed 8064K, reserved 1048576K
Event: 2201.966 GC heap after
Heap after GC invocations=60 (full 6):
 PSYoungGen      total 50688K, used 856K [0x00000007bc400000, 0x00000007c0000000, 0x00000007c0000000)
  eden space 39936K, 0% used [0x00000007bc400000,0x00000007bc400000,0x00000007beb00000)
  from space 10752K, 7% used [0x00000007bf580000,0x00000007bf6560f0,0x00000007c0000000)
  to   space 10752K, 0% used [0x00000007beb00000,0x00000007beb00000,0x00000007bf580000)
 ParOldGen       total 107520K, used 47099K [0x0000000700000000, 0x0000000706900000, 0x00000007bc400000)
  object space 107520K, 43% used [0x0000000700000000,0x0000000702dfef60,0x0000000706900000)
 Metaspace       used 55043K, capacity 55393K, committed 55936K, reserved 1097728K
  class space    used 7873K, capacity 7959K, committed 8064K, reserved 1048576K
}
Event: 2202.349 GC heap before
{Heap before GC invocations=61 (full 6):
 PSYoungGen      total 50688K, used 40792K [0x00000007bc400000, 0x00000007c0000000, 0x00000007c0000000)
  eden space 39936K, 100% used [0x00000007bc400000,0x00000007beb00000,0x00000007beb00000)
  from space 10752K, 7% used [0x00000007bf580000,0x00000007bf6560f0,0x00000007c0000000)
  to   space 10752K, 0% used [0x00000007beb00000,0x00000007beb00000,0x00000007bf580000)
 ParOldGen       total 107520K, used 47099K [0x0000000700000000, 0x0000000706900000, 0x00000007bc400000)
  object space 107520K, 43% used [0x0000000700000000,0x0000000702dfef60,0x0000000706900000)
 Metaspace       used 55049K, capacity 55393K, committed 55936K, reserved 1097728K
  class space    used 7873K, capacity 7959K, committed 8064K, reserved 1048576K
Event: 2202.353 GC heap after
Heap after GC invocations=61 (full 6):
 PSYoungGen      total 40960K, used 632K [0x00000007bc400000, 0x00000007c0000000, 0x00000007c0000000)
  eden space 39936K, 0% used [0x00000007bc400000,0x00000007bc400000,0x00000007beb00000)
  from space 1024K, 61% used [0x00000007beb00000,0x00000007beb9e0f0,0x00000007bec00000)
  to   space 11264K, 0% used [0x00000007bf500000,0x00000007bf500000,0x00000007c0000000)
 ParOldGen       total 107520K, used 47099K [0x0000000700000000, 0x0000000706900000, 0x00000007bc400000)
  object space 107520K, 43% used [0x0000000700000000,0x0000000702dfef60,0x0000000706900000)
 Metaspace       used 55049K, capacity 55393K, committed 55936K, reserved 1097728K
  class space    used 7873K, capacity 7959K, committed 8064K, reserved 1048576K
}

